<?xml version="1.0" encoding="UTF-8"?>
<testsuite xmlns:xsi="http://www.w3.org/2001/XMLSchema-instance" xsi:noNamespaceSchemaLocation="https://maven.apache.org/surefire/maven-surefire-plugin/xsd/surefire-test-report.xsd" name="org.pdxfinder.graph.dao.MarkerAssociationTest" time="0.031" tests="1" errors="0" skipped="0" failures="0">
  <properties>
    <property name="sun.desktop" value="gnome"/>
    <property name="awt.toolkit" value="sun.awt.X11.XToolkit"/>
    <property name="java.specification.version" value="11"/>
    <property name="sun.cpu.isalist" value=""/>
    <property name="sonar.login" value="ec61d7a1c3bd07087a71034ac47e82448435e19b"/>
    <property name="sonar.host.url" value="http://localhost:9000"/>
    <property name="sun.jnu.encoding" value="UTF-8"/>
    <property name="java.class.path" value="/home/afollette/IdeaProjects/data-model/data-model/target/test-classes:/home/afollette/IdeaProjects/data-model/data-model/target/classes:/home/afollette/.m2/repository/org/springframework/boot/spring-boot-starter-data-jpa/2.3.3.RELEASE/spring-boot-starter-data-jpa-2.3.3.RELEASE.jar:/home/afollette/.m2/repository/org/springframework/boot/spring-boot-starter-aop/2.3.3.RELEASE/spring-boot-starter-aop-2.3.3.RELEASE.jar:/home/afollette/.m2/repository/org/springframework/spring-aop/5.2.8.RELEASE/spring-aop-5.2.8.RELEASE.jar:/home/afollette/.m2/repository/org/aspectj/aspectjweaver/1.9.6/aspectjweaver-1.9.6.jar:/home/afollette/.m2/repository/org/springframework/boot/spring-boot-starter-jdbc/2.3.3.RELEASE/spring-boot-starter-jdbc-2.3.3.RELEASE.jar:/home/afollette/.m2/repository/com/zaxxer/HikariCP/3.4.5/HikariCP-3.4.5.jar:/home/afollette/.m2/repository/org/springframework/spring-jdbc/5.2.8.RELEASE/spring-jdbc-5.2.8.RELEASE.jar:/home/afollette/.m2/repository/jakarta/transaction/jakarta.transaction-api/1.3.3/jakarta.transaction-api-1.3.3.jar:/home/afollette/.m2/repository/jakarta/persistence/jakarta.persistence-api/2.2.3/jakarta.persistence-api-2.2.3.jar:/home/afollette/.m2/repository/org/hibernate/hibernate-core/5.4.20.Final/hibernate-core-5.4.20.Final.jar:/home/afollette/.m2/repository/org/jboss/logging/jboss-logging/3.4.1.Final/jboss-logging-3.4.1.Final.jar:/home/afollette/.m2/repository/org/javassist/javassist/3.24.0-GA/javassist-3.24.0-GA.jar:/home/afollette/.m2/repository/net/bytebuddy/byte-buddy/1.10.14/byte-buddy-1.10.14.jar:/home/afollette/.m2/repository/antlr/antlr/2.7.7/antlr-2.7.7.jar:/home/afollette/.m2/repository/org/jboss/jandex/2.1.3.Final/jandex-2.1.3.Final.jar:/home/afollette/.m2/repository/com/fasterxml/classmate/1.5.1/classmate-1.5.1.jar:/home/afollette/.m2/repository/org/dom4j/dom4j/2.1.3/dom4j-2.1.3.jar:/home/afollette/.m2/repository/org/hibernate/common/hibernate-commons-annotations/5.1.0.Final/hibernate-commons-annotations-5.1.0.Final.jar:/home/afollette/.m2/repository/org/glassfish/jaxb/jaxb-runtime/2.3.3/jaxb-runtime-2.3.3.jar:/home/afollette/.m2/repository/org/glassfish/jaxb/txw2/2.3.3/txw2-2.3.3.jar:/home/afollette/.m2/repository/com/sun/istack/istack-commons-runtime/3.0.11/istack-commons-runtime-3.0.11.jar:/home/afollette/.m2/repository/com/sun/activation/jakarta.activation/1.2.2/jakarta.activation-1.2.2.jar:/home/afollette/.m2/repository/org/springframework/data/spring-data-jpa/2.3.3.RELEASE/spring-data-jpa-2.3.3.RELEASE.jar:/home/afollette/.m2/repository/org/springframework/data/spring-data-commons/2.3.3.RELEASE/spring-data-commons-2.3.3.RELEASE.jar:/home/afollette/.m2/repository/org/springframework/spring-orm/5.2.8.RELEASE/spring-orm-5.2.8.RELEASE.jar:/home/afollette/.m2/repository/org/springframework/spring-context/5.2.8.RELEASE/spring-context-5.2.8.RELEASE.jar:/home/afollette/.m2/repository/org/springframework/spring-expression/5.2.8.RELEASE/spring-expression-5.2.8.RELEASE.jar:/home/afollette/.m2/repository/org/springframework/spring-tx/5.2.8.RELEASE/spring-tx-5.2.8.RELEASE.jar:/home/afollette/.m2/repository/org/springframework/spring-beans/5.2.8.RELEASE/spring-beans-5.2.8.RELEASE.jar:/home/afollette/.m2/repository/org/springframework/spring-aspects/5.2.8.RELEASE/spring-aspects-5.2.8.RELEASE.jar:/home/afollette/.m2/repository/org/springframework/boot/spring-boot-starter-test/2.3.3.RELEASE/spring-boot-starter-test-2.3.3.RELEASE.jar:/home/afollette/.m2/repository/org/springframework/boot/spring-boot-starter/2.3.3.RELEASE/spring-boot-starter-2.3.3.RELEASE.jar:/home/afollette/.m2/repository/org/springframework/boot/spring-boot-starter-logging/2.3.3.RELEASE/spring-boot-starter-logging-2.3.3.RELEASE.jar:/home/afollette/.m2/repository/ch/qos/logback/logback-classic/1.2.3/logback-classic-1.2.3.jar:/home/afollette/.m2/repository/ch/qos/logback/logback-core/1.2.3/logback-core-1.2.3.jar:/home/afollette/.m2/repository/org/apache/logging/log4j/log4j-to-slf4j/2.13.3/log4j-to-slf4j-2.13.3.jar:/home/afollette/.m2/repository/org/apache/logging/log4j/log4j-api/2.13.3/log4j-api-2.13.3.jar:/home/afollette/.m2/repository/org/slf4j/jul-to-slf4j/1.7.30/jul-to-slf4j-1.7.30.jar:/home/afollette/.m2/repository/jakarta/annotation/jakarta.annotation-api/1.3.5/jakarta.annotation-api-1.3.5.jar:/home/afollette/.m2/repository/org/yaml/snakeyaml/1.26/snakeyaml-1.26.jar:/home/afollette/.m2/repository/org/springframework/boot/spring-boot-test/2.3.3.RELEASE/spring-boot-test-2.3.3.RELEASE.jar:/home/afollette/.m2/repository/org/springframework/boot/spring-boot-test-autoconfigure/2.3.3.RELEASE/spring-boot-test-autoconfigure-2.3.3.RELEASE.jar:/home/afollette/.m2/repository/com/jayway/jsonpath/json-path/2.4.0/json-path-2.4.0.jar:/home/afollette/.m2/repository/net/minidev/json-smart/2.3/json-smart-2.3.jar:/home/afollette/.m2/repository/net/minidev/accessors-smart/1.2/accessors-smart-1.2.jar:/home/afollette/.m2/repository/jakarta/xml/bind/jakarta.xml.bind-api/2.3.3/jakarta.xml.bind-api-2.3.3.jar:/home/afollette/.m2/repository/jakarta/activation/jakarta.activation-api/1.2.2/jakarta.activation-api-1.2.2.jar:/home/afollette/.m2/repository/org/assertj/assertj-core/3.16.1/assertj-core-3.16.1.jar:/home/afollette/.m2/repository/org/hamcrest/hamcrest/2.2/hamcrest-2.2.jar:/home/afollette/.m2/repository/org/junit/jupiter/junit-jupiter/5.6.2/junit-jupiter-5.6.2.jar:/home/afollette/.m2/repository/org/junit/jupiter/junit-jupiter-api/5.6.2/junit-jupiter-api-5.6.2.jar:/home/afollette/.m2/repository/org/opentest4j/opentest4j/1.2.0/opentest4j-1.2.0.jar:/home/afollette/.m2/repository/org/junit/platform/junit-platform-commons/1.6.2/junit-platform-commons-1.6.2.jar:/home/afollette/.m2/repository/org/junit/jupiter/junit-jupiter-params/5.6.2/junit-jupiter-params-5.6.2.jar:/home/afollette/.m2/repository/org/junit/jupiter/junit-jupiter-engine/5.6.2/junit-jupiter-engine-5.6.2.jar:/home/afollette/.m2/repository/org/junit/vintage/junit-vintage-engine/5.6.2/junit-vintage-engine-5.6.2.jar:/home/afollette/.m2/repository/org/apiguardian/apiguardian-api/1.1.0/apiguardian-api-1.1.0.jar:/home/afollette/.m2/repository/org/junit/platform/junit-platform-engine/1.6.2/junit-platform-engine-1.6.2.jar:/home/afollette/.m2/repository/junit/junit/4.13/junit-4.13.jar:/home/afollette/.m2/repository/org/mockito/mockito-core/3.3.3/mockito-core-3.3.3.jar:/home/afollette/.m2/repository/net/bytebuddy/byte-buddy-agent/1.10.14/byte-buddy-agent-1.10.14.jar:/home/afollette/.m2/repository/org/objenesis/objenesis/2.6/objenesis-2.6.jar:/home/afollette/.m2/repository/org/mockito/mockito-junit-jupiter/3.3.3/mockito-junit-jupiter-3.3.3.jar:/home/afollette/.m2/repository/org/skyscreamer/jsonassert/1.5.0/jsonassert-1.5.0.jar:/home/afollette/.m2/repository/com/vaadin/external/google/android-json/0.0.20131108.vaadin1/android-json-0.0.20131108.vaadin1.jar:/home/afollette/.m2/repository/org/springframework/spring-core/5.2.8.RELEASE/spring-core-5.2.8.RELEASE.jar:/home/afollette/.m2/repository/org/springframework/spring-jcl/5.2.8.RELEASE/spring-jcl-5.2.8.RELEASE.jar:/home/afollette/.m2/repository/org/springframework/spring-test/5.2.8.RELEASE/spring-test-5.2.8.RELEASE.jar:/home/afollette/.m2/repository/org/xmlunit/xmlunit-core/2.7.0/xmlunit-core-2.7.0.jar:/home/afollette/.m2/repository/org/springframework/boot/spring-boot-devtools/2.3.3.RELEASE/spring-boot-devtools-2.3.3.RELEASE.jar:/home/afollette/.m2/repository/org/springframework/boot/spring-boot/2.3.3.RELEASE/spring-boot-2.3.3.RELEASE.jar:/home/afollette/.m2/repository/org/springframework/boot/spring-boot-autoconfigure/2.3.3.RELEASE/spring-boot-autoconfigure-2.3.3.RELEASE.jar:/home/afollette/.m2/repository/org/springframework/boot/spring-boot-starter-data-neo4j/2.3.3.RELEASE/spring-boot-starter-data-neo4j-2.3.3.RELEASE.jar:/home/afollette/.m2/repository/org/springframework/data/spring-data-neo4j/5.3.3.RELEASE/spring-data-neo4j-5.3.3.RELEASE.jar:/home/afollette/.m2/repository/org/neo4j/neo4j-ogm-bolt-driver/3.2.14/neo4j-ogm-bolt-driver-3.2.14.jar:/home/afollette/.m2/repository/org/neo4j/driver/neo4j-java-driver/4.0.2/neo4j-java-driver-4.0.2.jar:/home/afollette/.m2/repository/org/reactivestreams/reactive-streams/1.0.3/reactive-streams-1.0.3.jar:/home/afollette/.m2/repository/org/neo4j/neo4j-ogm-embedded-driver/3.1.20/neo4j-ogm-embedded-driver-3.1.20.jar:/home/afollette/.m2/repository/org/neo4j/neo4j/3.5.20/neo4j-3.5.20.jar:/home/afollette/.m2/repository/org/neo4j/neo4j-kernel/3.5.20/neo4j-kernel-3.5.20.jar:/home/afollette/.m2/repository/org/neo4j/neo4j-annotation-processors/3.5.20/neo4j-annotation-processors-3.5.20.jar:/home/afollette/.m2/repository/org/neo4j/neo4j-graphdb-api/3.5.20/neo4j-graphdb-api-3.5.20.jar:/home/afollette/.m2/repository/org/neo4j/neo4j-resource/3.5.20/neo4j-resource-3.5.20.jar:/home/afollette/.m2/repository/org/neo4j/neo4j-procedure-api/3.5.20/neo4j-procedure-api-3.5.20.jar:/home/afollette/.m2/repository/org/neo4j/neo4j-kernel-api/3.5.20/neo4j-kernel-api-3.5.20.jar:/home/afollette/.m2/repository/org/neo4j/neo4j-diagnostics/3.5.20/neo4j-diagnostics-3.5.20.jar:/home/afollette/.m2/repository/org/neo4j/neo4j-common/3.5.20/neo4j-common-3.5.20.jar:/home/afollette/.m2/repository/org/neo4j/neo4j-values/3.5.20/neo4j-values-3.5.20.jar:/home/afollette/.m2/repository/org/neo4j/neo4j-collections/3.5.20/neo4j-collections-3.5.20.jar:/home/afollette/.m2/repository/org/neo4j/neo4j-io/3.5.20/neo4j-io-3.5.20.jar:/home/afollette/.m2/repository/org/neo4j/neo4j-unsafe/3.5.20/neo4j-unsafe-3.5.20.jar:/home/afollette/.m2/repository/org/neo4j/neo4j-concurrent/3.5.20/neo4j-concurrent-3.5.20.jar:/home/afollette/.m2/repository/org/neo4j/neo4j-csv/3.5.20/neo4j-csv-3.5.20.jar:/home/afollette/.m2/repository/org/neo4j/neo4j-logging/3.5.20/neo4j-logging-3.5.20.jar:/home/afollette/.m2/repository/org/neo4j/neo4j-lucene-upgrade/3.5.20/neo4j-lucene-upgrade-3.5.20.jar:/home/afollette/.m2/repository/org/apache/lucene/lucene-core/5.5.5/lucene-core-5.5.5.jar:/home/afollette/.m2/repository/org/neo4j/neo4j-configuration/3.5.20/neo4j-configuration-3.5.20.jar:/home/afollette/.m2/repository/org/neo4j/neo4j-index/3.5.20/neo4j-index-3.5.20.jar:/home/afollette/.m2/repository/org/neo4j/neo4j-spatial-index/3.5.20/neo4j-spatial-index-3.5.20.jar:/home/afollette/.m2/repository/org/neo4j/neo4j-ssl/3.5.20/neo4j-ssl-3.5.20.jar:/home/afollette/.m2/repository/org/eclipse/collections/eclipse-collections/9.2.0/eclipse-collections-9.2.0.jar:/home/afollette/.m2/repository/org/eclipse/collections/eclipse-collections-api/9.2.0/eclipse-collections-api-9.2.0.jar:/home/afollette/.m2/repository/org/neo4j/neo4j-lucene-index/3.5.20/neo4j-lucene-index-3.5.20.jar:/home/afollette/.m2/repository/org/apache/lucene/lucene-analyzers-common/5.5.5/lucene-analyzers-common-5.5.5.jar:/home/afollette/.m2/repository/org/apache/lucene/lucene-queryparser/5.5.5/lucene-queryparser-5.5.5.jar:/home/afollette/.m2/repository/org/apache/lucene/lucene-codecs/5.5.5/lucene-codecs-5.5.5.jar:/home/afollette/.m2/repository/org/neo4j/neo4j-fulltext-index/3.5.20/neo4j-fulltext-index-3.5.20.jar:/home/afollette/.m2/repository/org/neo4j/neo4j-graph-algo/3.5.20/neo4j-graph-algo-3.5.20.jar:/home/afollette/.m2/repository/org/neo4j/neo4j-udc/3.5.20/neo4j-udc-3.5.20.jar:/home/afollette/.m2/repository/org/neo4j/neo4j-data-collector/3.5.20/neo4j-data-collector-3.5.20.jar:/home/afollette/.m2/repository/org/scala-lang/scala-library/2.11.12/scala-library-2.11.12.jar:/home/afollette/.m2/repository/org/scala-lang/scala-reflect/2.11.12/scala-reflect-2.11.12.jar:/home/afollette/.m2/repository/org/neo4j/neo4j-parser-3.5/3.5.20/neo4j-parser-3.5-3.5.20.jar:/home/afollette/.m2/repository/org/neo4j/neo4j-ast-3.5/3.5.20/neo4j-ast-3.5-3.5.20.jar:/home/afollette/.m2/repository/org/neo4j/neo4j-expressions-3.5/3.5.20/neo4j-expressions-3.5-3.5.20.jar:/home/afollette/.m2/repository/org/neo4j/neo4j-rewriting-3.5/3.5.20/neo4j-rewriting-3.5-3.5.20.jar:/home/afollette/.m2/repository/org/neo4j/neo4j-cypher/3.5.20/neo4j-cypher-3.5.20.jar:/home/afollette/.m2/repository/org/neo4j/neo4j-graph-matching/3.1.9/neo4j-graph-matching-3.1.9.jar:/home/afollette/.m2/repository/org/neo4j/neo4j-codegen/3.5.20/neo4j-codegen-3.5.20.jar:/home/afollette/.m2/repository/org/ow2/asm/asm/6.2/asm-6.2.jar:/home/afollette/.m2/repository/org/ow2/asm/asm-util/6.2/asm-util-6.2.jar:/home/afollette/.m2/repository/org/ow2/asm/asm-analysis/6.2/asm-analysis-6.2.jar:/home/afollette/.m2/repository/org/ow2/asm/asm-tree/6.2/asm-tree-6.2.jar:/home/afollette/.m2/repository/org/apache/commons/commons-text/1.4/commons-text-1.4.jar:/home/afollette/.m2/repository/org/neo4j/neo4j-cypher-compiler-2.3/2.3.12/neo4j-cypher-compiler-2.3-2.3.12.jar:/home/afollette/.m2/repository/org/neo4j/neo4j-cypher-frontend-2.3/2.3.12/neo4j-cypher-frontend-2.3-2.3.12.jar:/home/afollette/.m2/repository/com/googlecode/concurrentlinkedhashmap/concurrentlinkedhashmap-lru/1.4.2/concurrentlinkedhashmap-lru-1.4.2.jar:/home/afollette/.m2/repository/org/neo4j/neo4j-cypher-compiler-3.1/3.1.9/neo4j-cypher-compiler-3.1-3.1.9.jar:/home/afollette/.m2/repository/org/neo4j/neo4j-cypher-frontend-3.1/3.1.9/neo4j-cypher-frontend-3.1-3.1.9.jar:/home/afollette/.m2/repository/com/github/ben-manes/caffeine/caffeine/2.8.5/caffeine-2.8.5.jar:/home/afollette/.m2/repository/org/checkerframework/checker-qual/3.4.1/checker-qual-3.4.1.jar:/home/afollette/.m2/repository/com/google/errorprone/error_prone_annotations/2.4.0/error_prone_annotations-2.4.0.jar:/home/afollette/.m2/repository/org/neo4j/neo4j-cypher-planner-3.4/3.4.18/neo4j-cypher-planner-3.4-3.4.18.jar:/home/afollette/.m2/repository/org/neo4j/openCypher-frontend-1/3.4.18/openCypher-frontend-1-3.4.18.jar:/home/afollette/.m2/repository/org/neo4j/neo4j-cypher-util-3.4/3.4.18/neo4j-cypher-util-3.4-3.4.18.jar:/home/afollette/.m2/repository/org/neo4j/neo4j-cypher-expression-3.4/3.4.18/neo4j-cypher-expression-3.4-3.4.18.jar:/home/afollette/.m2/repository/org/neo4j/neo4j-cypher-ir-3.4/3.4.18/neo4j-cypher-ir-3.4-3.4.18.jar:/home/afollette/.m2/repository/org/neo4j/neo4j-cypher-logical-plans-3.4/3.4.18/neo4j-cypher-logical-plans-3.4-3.4.18.jar:/home/afollette/.m2/repository/org/neo4j/neo4j-cypher-planner-spi-3.4/3.4.18/neo4j-cypher-planner-spi-3.4-3.4.18.jar:/home/afollette/.m2/repository/org/neo4j/neo4j-legacy/3.5.20/neo4j-legacy-3.5.20.jar:/home/afollette/.m2/repository/org/neo4j/neo4j-util-3.5/3.5.20/neo4j-util-3.5-3.5.20.jar:/home/afollette/.m2/repository/org/neo4j/neo4j-cypher-planner-3.5/3.5.20/neo4j-cypher-planner-3.5-3.5.20.jar:/home/afollette/.m2/repository/org/neo4j/neo4j-cypher-ir-3.5/3.5.20/neo4j-cypher-ir-3.5-3.5.20.jar:/home/afollette/.m2/repository/org/neo4j/neo4j-front-end-3.5/3.5.20/neo4j-front-end-3.5-3.5.20.jar:/home/afollette/.m2/repository/org/neo4j/neo4j-cypher-logical-plans-3.5/3.5.20/neo4j-cypher-logical-plans-3.5-3.5.20.jar:/home/afollette/.m2/repository/org/neo4j/neo4j-cypher-planner-spi-3.5/3.5.20/neo4j-cypher-planner-spi-3.5-3.5.20.jar:/home/afollette/.m2/repository/org/neo4j/neo4j-cypher-runtime-util/3.5.20/neo4j-cypher-runtime-util-3.5.20.jar:/home/afollette/.m2/repository/org/neo4j/neo4j-cypher-interpreted-runtime/3.5.20/neo4j-cypher-interpreted-runtime-3.5.20.jar:/home/afollette/.m2/repository/org/parboiled/parboiled-scala_2.11/1.1.7/parboiled-scala_2.11-1.1.7.jar:/home/afollette/.m2/repository/org/parboiled/parboiled-core/1.1.7/parboiled-core-1.1.7.jar:/home/afollette/.m2/repository/net/sf/opencsv/opencsv/2.3/opencsv-2.3.jar:/home/afollette/.m2/repository/org/neo4j/neo4j-jmx/3.5.20/neo4j-jmx-3.5.20.jar:/home/afollette/.m2/repository/org/neo4j/neo4j-bolt/3.5.20/neo4j-bolt-3.5.20.jar:/home/afollette/.m2/repository/io/netty/netty-all/4.1.51.Final/netty-all-4.1.51.Final.jar:/home/afollette/.m2/repository/org/bouncycastle/bcpkix-jdk15on/1.64/bcpkix-jdk15on-1.64.jar:/home/afollette/.m2/repository/org/bouncycastle/bcprov-jdk15on/1.64/bcprov-jdk15on-1.64.jar:/home/afollette/.m2/repository/org/neo4j/neo4j-consistency-check/3.5.20/neo4j-consistency-check-3.5.20.jar:/home/afollette/.m2/repository/org/neo4j/neo4j-command-line/3.5.20/neo4j-command-line-3.5.20.jar:/home/afollette/.m2/repository/org/neo4j/neo4j-dbms/3.5.20/neo4j-dbms-3.5.20.jar:/home/afollette/.m2/repository/org/neo4j/neo4j-import-tool/3.5.20/neo4j-import-tool-3.5.20.jar:/home/afollette/.m2/repository/org/jprocesses/jProcesses/1.6.4/jProcesses-1.6.4.jar:/home/afollette/.m2/repository/com/profesorfalken/WMI4Java/1.6.1/WMI4Java-1.6.1.jar:/home/afollette/.m2/repository/com/profesorfalken/jPowerShell/1.9/jPowerShell-1.9.jar:/home/afollette/.m2/repository/org/apache/commons/commons-compress/1.19/commons-compress-1.19.jar:/home/afollette/.m2/repository/org/neo4j/licensing-proxy/zstd-proxy/3.5.20/zstd-proxy-3.5.20.jar:/home/afollette/.m2/repository/com/github/luben/zstd-jni/1.3.8-6/zstd-jni-1.3.8-6.jar:/home/afollette/.m2/repository/org/neo4j/neo4j-ogm-core/3.1.20/neo4j-ogm-core-3.1.20.jar:/home/afollette/.m2/repository/io/github/lukehutch/fast-classpath-scanner/2.21/fast-classpath-scanner-2.21.jar:/home/afollette/.m2/repository/org/neo4j/neo4j-ogm-api/3.1.20/neo4j-ogm-api-3.1.20.jar:/home/afollette/.m2/repository/com/fasterxml/jackson/core/jackson-databind/2.11.2/jackson-databind-2.11.2.jar:/home/afollette/.m2/repository/com/fasterxml/jackson/core/jackson-annotations/2.11.2/jackson-annotations-2.11.2.jar:/home/afollette/.m2/repository/com/fasterxml/jackson/core/jackson-core/2.11.2/jackson-core-2.11.2.jar:/home/afollette/.m2/repository/org/slf4j/slf4j-api/1.7.30/slf4j-api-1.7.30.jar:/home/afollette/.m2/repository/com/google/code/gson/gson/2.8.6/gson-2.8.6.jar:/home/afollette/.m2/repository/org/apache/commons/commons-lang3/3.11/commons-lang3-3.11.jar:/home/afollette/.m2/repository/commons-io/commons-io/2.6/commons-io-2.6.jar:/home/afollette/.m2/repository/org/apache/poi/poi-ooxml/3.15/poi-ooxml-3.15.jar:/home/afollette/.m2/repository/org/apache/poi/poi/3.15/poi-3.15.jar:/home/afollette/.m2/repository/commons-codec/commons-codec/1.14/commons-codec-1.14.jar:/home/afollette/.m2/repository/org/apache/commons/commons-collections4/4.1/commons-collections4-4.1.jar:/home/afollette/.m2/repository/org/apache/poi/poi-ooxml-schemas/3.15/poi-ooxml-schemas-3.15.jar:/home/afollette/.m2/repository/org/apache/xmlbeans/xmlbeans/2.6.0/xmlbeans-2.6.0.jar:/home/afollette/.m2/repository/stax/stax-api/1.0.1/stax-api-1.0.1.jar:/home/afollette/.m2/repository/com/github/virtuald/curvesapi/1.04/curvesapi-1.04.jar:"/>
    <property name="java.vm.vendor" value="Ubuntu"/>
    <property name="sun.arch.data.model" value="64"/>
    <property name="java.vendor.url" value="https://ubuntu.com/"/>
    <property name="user.timezone" value=""/>
    <property name="java.vm.specification.version" value="11"/>
    <property name="os.name" value="Linux"/>
    <property name="sun.java.launcher" value="SUN_STANDARD"/>
    <property name="user.country" value="GB"/>
    <property name="sun.boot.library.path" value="/usr/lib/jvm/java-11-openjdk-amd64/lib"/>
    <property name="sun.java.command" value="/home/afollette/IdeaProjects/data-model/data-model/target/surefire/surefirebooter8924340538074911424.jar /home/afollette/IdeaProjects/data-model/data-model/target/surefire 2021-01-22T13-48-55_472-jvmRun1 surefire8281943239099931534tmp surefire_04578407791815408665tmp"/>
    <property name="jdk.debug" value="release"/>
    <property name="surefire.test.class.path" value="/home/afollette/IdeaProjects/data-model/data-model/target/test-classes:/home/afollette/IdeaProjects/data-model/data-model/target/classes:/home/afollette/.m2/repository/org/springframework/boot/spring-boot-starter-data-jpa/2.3.3.RELEASE/spring-boot-starter-data-jpa-2.3.3.RELEASE.jar:/home/afollette/.m2/repository/org/springframework/boot/spring-boot-starter-aop/2.3.3.RELEASE/spring-boot-starter-aop-2.3.3.RELEASE.jar:/home/afollette/.m2/repository/org/springframework/spring-aop/5.2.8.RELEASE/spring-aop-5.2.8.RELEASE.jar:/home/afollette/.m2/repository/org/aspectj/aspectjweaver/1.9.6/aspectjweaver-1.9.6.jar:/home/afollette/.m2/repository/org/springframework/boot/spring-boot-starter-jdbc/2.3.3.RELEASE/spring-boot-starter-jdbc-2.3.3.RELEASE.jar:/home/afollette/.m2/repository/com/zaxxer/HikariCP/3.4.5/HikariCP-3.4.5.jar:/home/afollette/.m2/repository/org/springframework/spring-jdbc/5.2.8.RELEASE/spring-jdbc-5.2.8.RELEASE.jar:/home/afollette/.m2/repository/jakarta/transaction/jakarta.transaction-api/1.3.3/jakarta.transaction-api-1.3.3.jar:/home/afollette/.m2/repository/jakarta/persistence/jakarta.persistence-api/2.2.3/jakarta.persistence-api-2.2.3.jar:/home/afollette/.m2/repository/org/hibernate/hibernate-core/5.4.20.Final/hibernate-core-5.4.20.Final.jar:/home/afollette/.m2/repository/org/jboss/logging/jboss-logging/3.4.1.Final/jboss-logging-3.4.1.Final.jar:/home/afollette/.m2/repository/org/javassist/javassist/3.24.0-GA/javassist-3.24.0-GA.jar:/home/afollette/.m2/repository/net/bytebuddy/byte-buddy/1.10.14/byte-buddy-1.10.14.jar:/home/afollette/.m2/repository/antlr/antlr/2.7.7/antlr-2.7.7.jar:/home/afollette/.m2/repository/org/jboss/jandex/2.1.3.Final/jandex-2.1.3.Final.jar:/home/afollette/.m2/repository/com/fasterxml/classmate/1.5.1/classmate-1.5.1.jar:/home/afollette/.m2/repository/org/dom4j/dom4j/2.1.3/dom4j-2.1.3.jar:/home/afollette/.m2/repository/org/hibernate/common/hibernate-commons-annotations/5.1.0.Final/hibernate-commons-annotations-5.1.0.Final.jar:/home/afollette/.m2/repository/org/glassfish/jaxb/jaxb-runtime/2.3.3/jaxb-runtime-2.3.3.jar:/home/afollette/.m2/repository/org/glassfish/jaxb/txw2/2.3.3/txw2-2.3.3.jar:/home/afollette/.m2/repository/com/sun/istack/istack-commons-runtime/3.0.11/istack-commons-runtime-3.0.11.jar:/home/afollette/.m2/repository/com/sun/activation/jakarta.activation/1.2.2/jakarta.activation-1.2.2.jar:/home/afollette/.m2/repository/org/springframework/data/spring-data-jpa/2.3.3.RELEASE/spring-data-jpa-2.3.3.RELEASE.jar:/home/afollette/.m2/repository/org/springframework/data/spring-data-commons/2.3.3.RELEASE/spring-data-commons-2.3.3.RELEASE.jar:/home/afollette/.m2/repository/org/springframework/spring-orm/5.2.8.RELEASE/spring-orm-5.2.8.RELEASE.jar:/home/afollette/.m2/repository/org/springframework/spring-context/5.2.8.RELEASE/spring-context-5.2.8.RELEASE.jar:/home/afollette/.m2/repository/org/springframework/spring-expression/5.2.8.RELEASE/spring-expression-5.2.8.RELEASE.jar:/home/afollette/.m2/repository/org/springframework/spring-tx/5.2.8.RELEASE/spring-tx-5.2.8.RELEASE.jar:/home/afollette/.m2/repository/org/springframework/spring-beans/5.2.8.RELEASE/spring-beans-5.2.8.RELEASE.jar:/home/afollette/.m2/repository/org/springframework/spring-aspects/5.2.8.RELEASE/spring-aspects-5.2.8.RELEASE.jar:/home/afollette/.m2/repository/org/springframework/boot/spring-boot-starter-test/2.3.3.RELEASE/spring-boot-starter-test-2.3.3.RELEASE.jar:/home/afollette/.m2/repository/org/springframework/boot/spring-boot-starter/2.3.3.RELEASE/spring-boot-starter-2.3.3.RELEASE.jar:/home/afollette/.m2/repository/org/springframework/boot/spring-boot-starter-logging/2.3.3.RELEASE/spring-boot-starter-logging-2.3.3.RELEASE.jar:/home/afollette/.m2/repository/ch/qos/logback/logback-classic/1.2.3/logback-classic-1.2.3.jar:/home/afollette/.m2/repository/ch/qos/logback/logback-core/1.2.3/logback-core-1.2.3.jar:/home/afollette/.m2/repository/org/apache/logging/log4j/log4j-to-slf4j/2.13.3/log4j-to-slf4j-2.13.3.jar:/home/afollette/.m2/repository/org/apache/logging/log4j/log4j-api/2.13.3/log4j-api-2.13.3.jar:/home/afollette/.m2/repository/org/slf4j/jul-to-slf4j/1.7.30/jul-to-slf4j-1.7.30.jar:/home/afollette/.m2/repository/jakarta/annotation/jakarta.annotation-api/1.3.5/jakarta.annotation-api-1.3.5.jar:/home/afollette/.m2/repository/org/yaml/snakeyaml/1.26/snakeyaml-1.26.jar:/home/afollette/.m2/repository/org/springframework/boot/spring-boot-test/2.3.3.RELEASE/spring-boot-test-2.3.3.RELEASE.jar:/home/afollette/.m2/repository/org/springframework/boot/spring-boot-test-autoconfigure/2.3.3.RELEASE/spring-boot-test-autoconfigure-2.3.3.RELEASE.jar:/home/afollette/.m2/repository/com/jayway/jsonpath/json-path/2.4.0/json-path-2.4.0.jar:/home/afollette/.m2/repository/net/minidev/json-smart/2.3/json-smart-2.3.jar:/home/afollette/.m2/repository/net/minidev/accessors-smart/1.2/accessors-smart-1.2.jar:/home/afollette/.m2/repository/jakarta/xml/bind/jakarta.xml.bind-api/2.3.3/jakarta.xml.bind-api-2.3.3.jar:/home/afollette/.m2/repository/jakarta/activation/jakarta.activation-api/1.2.2/jakarta.activation-api-1.2.2.jar:/home/afollette/.m2/repository/org/assertj/assertj-core/3.16.1/assertj-core-3.16.1.jar:/home/afollette/.m2/repository/org/hamcrest/hamcrest/2.2/hamcrest-2.2.jar:/home/afollette/.m2/repository/org/junit/jupiter/junit-jupiter/5.6.2/junit-jupiter-5.6.2.jar:/home/afollette/.m2/repository/org/junit/jupiter/junit-jupiter-api/5.6.2/junit-jupiter-api-5.6.2.jar:/home/afollette/.m2/repository/org/opentest4j/opentest4j/1.2.0/opentest4j-1.2.0.jar:/home/afollette/.m2/repository/org/junit/platform/junit-platform-commons/1.6.2/junit-platform-commons-1.6.2.jar:/home/afollette/.m2/repository/org/junit/jupiter/junit-jupiter-params/5.6.2/junit-jupiter-params-5.6.2.jar:/home/afollette/.m2/repository/org/junit/jupiter/junit-jupiter-engine/5.6.2/junit-jupiter-engine-5.6.2.jar:/home/afollette/.m2/repository/org/junit/vintage/junit-vintage-engine/5.6.2/junit-vintage-engine-5.6.2.jar:/home/afollette/.m2/repository/org/apiguardian/apiguardian-api/1.1.0/apiguardian-api-1.1.0.jar:/home/afollette/.m2/repository/org/junit/platform/junit-platform-engine/1.6.2/junit-platform-engine-1.6.2.jar:/home/afollette/.m2/repository/junit/junit/4.13/junit-4.13.jar:/home/afollette/.m2/repository/org/mockito/mockito-core/3.3.3/mockito-core-3.3.3.jar:/home/afollette/.m2/repository/net/bytebuddy/byte-buddy-agent/1.10.14/byte-buddy-agent-1.10.14.jar:/home/afollette/.m2/repository/org/objenesis/objenesis/2.6/objenesis-2.6.jar:/home/afollette/.m2/repository/org/mockito/mockito-junit-jupiter/3.3.3/mockito-junit-jupiter-3.3.3.jar:/home/afollette/.m2/repository/org/skyscreamer/jsonassert/1.5.0/jsonassert-1.5.0.jar:/home/afollette/.m2/repository/com/vaadin/external/google/android-json/0.0.20131108.vaadin1/android-json-0.0.20131108.vaadin1.jar:/home/afollette/.m2/repository/org/springframework/spring-core/5.2.8.RELEASE/spring-core-5.2.8.RELEASE.jar:/home/afollette/.m2/repository/org/springframework/spring-jcl/5.2.8.RELEASE/spring-jcl-5.2.8.RELEASE.jar:/home/afollette/.m2/repository/org/springframework/spring-test/5.2.8.RELEASE/spring-test-5.2.8.RELEASE.jar:/home/afollette/.m2/repository/org/xmlunit/xmlunit-core/2.7.0/xmlunit-core-2.7.0.jar:/home/afollette/.m2/repository/org/springframework/boot/spring-boot-devtools/2.3.3.RELEASE/spring-boot-devtools-2.3.3.RELEASE.jar:/home/afollette/.m2/repository/org/springframework/boot/spring-boot/2.3.3.RELEASE/spring-boot-2.3.3.RELEASE.jar:/home/afollette/.m2/repository/org/springframework/boot/spring-boot-autoconfigure/2.3.3.RELEASE/spring-boot-autoconfigure-2.3.3.RELEASE.jar:/home/afollette/.m2/repository/org/springframework/boot/spring-boot-starter-data-neo4j/2.3.3.RELEASE/spring-boot-starter-data-neo4j-2.3.3.RELEASE.jar:/home/afollette/.m2/repository/org/springframework/data/spring-data-neo4j/5.3.3.RELEASE/spring-data-neo4j-5.3.3.RELEASE.jar:/home/afollette/.m2/repository/org/neo4j/neo4j-ogm-bolt-driver/3.2.14/neo4j-ogm-bolt-driver-3.2.14.jar:/home/afollette/.m2/repository/org/neo4j/driver/neo4j-java-driver/4.0.2/neo4j-java-driver-4.0.2.jar:/home/afollette/.m2/repository/org/reactivestreams/reactive-streams/1.0.3/reactive-streams-1.0.3.jar:/home/afollette/.m2/repository/org/neo4j/neo4j-ogm-embedded-driver/3.1.20/neo4j-ogm-embedded-driver-3.1.20.jar:/home/afollette/.m2/repository/org/neo4j/neo4j/3.5.20/neo4j-3.5.20.jar:/home/afollette/.m2/repository/org/neo4j/neo4j-kernel/3.5.20/neo4j-kernel-3.5.20.jar:/home/afollette/.m2/repository/org/neo4j/neo4j-annotation-processors/3.5.20/neo4j-annotation-processors-3.5.20.jar:/home/afollette/.m2/repository/org/neo4j/neo4j-graphdb-api/3.5.20/neo4j-graphdb-api-3.5.20.jar:/home/afollette/.m2/repository/org/neo4j/neo4j-resource/3.5.20/neo4j-resource-3.5.20.jar:/home/afollette/.m2/repository/org/neo4j/neo4j-procedure-api/3.5.20/neo4j-procedure-api-3.5.20.jar:/home/afollette/.m2/repository/org/neo4j/neo4j-kernel-api/3.5.20/neo4j-kernel-api-3.5.20.jar:/home/afollette/.m2/repository/org/neo4j/neo4j-diagnostics/3.5.20/neo4j-diagnostics-3.5.20.jar:/home/afollette/.m2/repository/org/neo4j/neo4j-common/3.5.20/neo4j-common-3.5.20.jar:/home/afollette/.m2/repository/org/neo4j/neo4j-values/3.5.20/neo4j-values-3.5.20.jar:/home/afollette/.m2/repository/org/neo4j/neo4j-collections/3.5.20/neo4j-collections-3.5.20.jar:/home/afollette/.m2/repository/org/neo4j/neo4j-io/3.5.20/neo4j-io-3.5.20.jar:/home/afollette/.m2/repository/org/neo4j/neo4j-unsafe/3.5.20/neo4j-unsafe-3.5.20.jar:/home/afollette/.m2/repository/org/neo4j/neo4j-concurrent/3.5.20/neo4j-concurrent-3.5.20.jar:/home/afollette/.m2/repository/org/neo4j/neo4j-csv/3.5.20/neo4j-csv-3.5.20.jar:/home/afollette/.m2/repository/org/neo4j/neo4j-logging/3.5.20/neo4j-logging-3.5.20.jar:/home/afollette/.m2/repository/org/neo4j/neo4j-lucene-upgrade/3.5.20/neo4j-lucene-upgrade-3.5.20.jar:/home/afollette/.m2/repository/org/apache/lucene/lucene-core/5.5.5/lucene-core-5.5.5.jar:/home/afollette/.m2/repository/org/neo4j/neo4j-configuration/3.5.20/neo4j-configuration-3.5.20.jar:/home/afollette/.m2/repository/org/neo4j/neo4j-index/3.5.20/neo4j-index-3.5.20.jar:/home/afollette/.m2/repository/org/neo4j/neo4j-spatial-index/3.5.20/neo4j-spatial-index-3.5.20.jar:/home/afollette/.m2/repository/org/neo4j/neo4j-ssl/3.5.20/neo4j-ssl-3.5.20.jar:/home/afollette/.m2/repository/org/eclipse/collections/eclipse-collections/9.2.0/eclipse-collections-9.2.0.jar:/home/afollette/.m2/repository/org/eclipse/collections/eclipse-collections-api/9.2.0/eclipse-collections-api-9.2.0.jar:/home/afollette/.m2/repository/org/neo4j/neo4j-lucene-index/3.5.20/neo4j-lucene-index-3.5.20.jar:/home/afollette/.m2/repository/org/apache/lucene/lucene-analyzers-common/5.5.5/lucene-analyzers-common-5.5.5.jar:/home/afollette/.m2/repository/org/apache/lucene/lucene-queryparser/5.5.5/lucene-queryparser-5.5.5.jar:/home/afollette/.m2/repository/org/apache/lucene/lucene-codecs/5.5.5/lucene-codecs-5.5.5.jar:/home/afollette/.m2/repository/org/neo4j/neo4j-fulltext-index/3.5.20/neo4j-fulltext-index-3.5.20.jar:/home/afollette/.m2/repository/org/neo4j/neo4j-graph-algo/3.5.20/neo4j-graph-algo-3.5.20.jar:/home/afollette/.m2/repository/org/neo4j/neo4j-udc/3.5.20/neo4j-udc-3.5.20.jar:/home/afollette/.m2/repository/org/neo4j/neo4j-data-collector/3.5.20/neo4j-data-collector-3.5.20.jar:/home/afollette/.m2/repository/org/scala-lang/scala-library/2.11.12/scala-library-2.11.12.jar:/home/afollette/.m2/repository/org/scala-lang/scala-reflect/2.11.12/scala-reflect-2.11.12.jar:/home/afollette/.m2/repository/org/neo4j/neo4j-parser-3.5/3.5.20/neo4j-parser-3.5-3.5.20.jar:/home/afollette/.m2/repository/org/neo4j/neo4j-ast-3.5/3.5.20/neo4j-ast-3.5-3.5.20.jar:/home/afollette/.m2/repository/org/neo4j/neo4j-expressions-3.5/3.5.20/neo4j-expressions-3.5-3.5.20.jar:/home/afollette/.m2/repository/org/neo4j/neo4j-rewriting-3.5/3.5.20/neo4j-rewriting-3.5-3.5.20.jar:/home/afollette/.m2/repository/org/neo4j/neo4j-cypher/3.5.20/neo4j-cypher-3.5.20.jar:/home/afollette/.m2/repository/org/neo4j/neo4j-graph-matching/3.1.9/neo4j-graph-matching-3.1.9.jar:/home/afollette/.m2/repository/org/neo4j/neo4j-codegen/3.5.20/neo4j-codegen-3.5.20.jar:/home/afollette/.m2/repository/org/ow2/asm/asm/6.2/asm-6.2.jar:/home/afollette/.m2/repository/org/ow2/asm/asm-util/6.2/asm-util-6.2.jar:/home/afollette/.m2/repository/org/ow2/asm/asm-analysis/6.2/asm-analysis-6.2.jar:/home/afollette/.m2/repository/org/ow2/asm/asm-tree/6.2/asm-tree-6.2.jar:/home/afollette/.m2/repository/org/apache/commons/commons-text/1.4/commons-text-1.4.jar:/home/afollette/.m2/repository/org/neo4j/neo4j-cypher-compiler-2.3/2.3.12/neo4j-cypher-compiler-2.3-2.3.12.jar:/home/afollette/.m2/repository/org/neo4j/neo4j-cypher-frontend-2.3/2.3.12/neo4j-cypher-frontend-2.3-2.3.12.jar:/home/afollette/.m2/repository/com/googlecode/concurrentlinkedhashmap/concurrentlinkedhashmap-lru/1.4.2/concurrentlinkedhashmap-lru-1.4.2.jar:/home/afollette/.m2/repository/org/neo4j/neo4j-cypher-compiler-3.1/3.1.9/neo4j-cypher-compiler-3.1-3.1.9.jar:/home/afollette/.m2/repository/org/neo4j/neo4j-cypher-frontend-3.1/3.1.9/neo4j-cypher-frontend-3.1-3.1.9.jar:/home/afollette/.m2/repository/com/github/ben-manes/caffeine/caffeine/2.8.5/caffeine-2.8.5.jar:/home/afollette/.m2/repository/org/checkerframework/checker-qual/3.4.1/checker-qual-3.4.1.jar:/home/afollette/.m2/repository/com/google/errorprone/error_prone_annotations/2.4.0/error_prone_annotations-2.4.0.jar:/home/afollette/.m2/repository/org/neo4j/neo4j-cypher-planner-3.4/3.4.18/neo4j-cypher-planner-3.4-3.4.18.jar:/home/afollette/.m2/repository/org/neo4j/openCypher-frontend-1/3.4.18/openCypher-frontend-1-3.4.18.jar:/home/afollette/.m2/repository/org/neo4j/neo4j-cypher-util-3.4/3.4.18/neo4j-cypher-util-3.4-3.4.18.jar:/home/afollette/.m2/repository/org/neo4j/neo4j-cypher-expression-3.4/3.4.18/neo4j-cypher-expression-3.4-3.4.18.jar:/home/afollette/.m2/repository/org/neo4j/neo4j-cypher-ir-3.4/3.4.18/neo4j-cypher-ir-3.4-3.4.18.jar:/home/afollette/.m2/repository/org/neo4j/neo4j-cypher-logical-plans-3.4/3.4.18/neo4j-cypher-logical-plans-3.4-3.4.18.jar:/home/afollette/.m2/repository/org/neo4j/neo4j-cypher-planner-spi-3.4/3.4.18/neo4j-cypher-planner-spi-3.4-3.4.18.jar:/home/afollette/.m2/repository/org/neo4j/neo4j-legacy/3.5.20/neo4j-legacy-3.5.20.jar:/home/afollette/.m2/repository/org/neo4j/neo4j-util-3.5/3.5.20/neo4j-util-3.5-3.5.20.jar:/home/afollette/.m2/repository/org/neo4j/neo4j-cypher-planner-3.5/3.5.20/neo4j-cypher-planner-3.5-3.5.20.jar:/home/afollette/.m2/repository/org/neo4j/neo4j-cypher-ir-3.5/3.5.20/neo4j-cypher-ir-3.5-3.5.20.jar:/home/afollette/.m2/repository/org/neo4j/neo4j-front-end-3.5/3.5.20/neo4j-front-end-3.5-3.5.20.jar:/home/afollette/.m2/repository/org/neo4j/neo4j-cypher-logical-plans-3.5/3.5.20/neo4j-cypher-logical-plans-3.5-3.5.20.jar:/home/afollette/.m2/repository/org/neo4j/neo4j-cypher-planner-spi-3.5/3.5.20/neo4j-cypher-planner-spi-3.5-3.5.20.jar:/home/afollette/.m2/repository/org/neo4j/neo4j-cypher-runtime-util/3.5.20/neo4j-cypher-runtime-util-3.5.20.jar:/home/afollette/.m2/repository/org/neo4j/neo4j-cypher-interpreted-runtime/3.5.20/neo4j-cypher-interpreted-runtime-3.5.20.jar:/home/afollette/.m2/repository/org/parboiled/parboiled-scala_2.11/1.1.7/parboiled-scala_2.11-1.1.7.jar:/home/afollette/.m2/repository/org/parboiled/parboiled-core/1.1.7/parboiled-core-1.1.7.jar:/home/afollette/.m2/repository/net/sf/opencsv/opencsv/2.3/opencsv-2.3.jar:/home/afollette/.m2/repository/org/neo4j/neo4j-jmx/3.5.20/neo4j-jmx-3.5.20.jar:/home/afollette/.m2/repository/org/neo4j/neo4j-bolt/3.5.20/neo4j-bolt-3.5.20.jar:/home/afollette/.m2/repository/io/netty/netty-all/4.1.51.Final/netty-all-4.1.51.Final.jar:/home/afollette/.m2/repository/org/bouncycastle/bcpkix-jdk15on/1.64/bcpkix-jdk15on-1.64.jar:/home/afollette/.m2/repository/org/bouncycastle/bcprov-jdk15on/1.64/bcprov-jdk15on-1.64.jar:/home/afollette/.m2/repository/org/neo4j/neo4j-consistency-check/3.5.20/neo4j-consistency-check-3.5.20.jar:/home/afollette/.m2/repository/org/neo4j/neo4j-command-line/3.5.20/neo4j-command-line-3.5.20.jar:/home/afollette/.m2/repository/org/neo4j/neo4j-dbms/3.5.20/neo4j-dbms-3.5.20.jar:/home/afollette/.m2/repository/org/neo4j/neo4j-import-tool/3.5.20/neo4j-import-tool-3.5.20.jar:/home/afollette/.m2/repository/org/jprocesses/jProcesses/1.6.4/jProcesses-1.6.4.jar:/home/afollette/.m2/repository/com/profesorfalken/WMI4Java/1.6.1/WMI4Java-1.6.1.jar:/home/afollette/.m2/repository/com/profesorfalken/jPowerShell/1.9/jPowerShell-1.9.jar:/home/afollette/.m2/repository/org/apache/commons/commons-compress/1.19/commons-compress-1.19.jar:/home/afollette/.m2/repository/org/neo4j/licensing-proxy/zstd-proxy/3.5.20/zstd-proxy-3.5.20.jar:/home/afollette/.m2/repository/com/github/luben/zstd-jni/1.3.8-6/zstd-jni-1.3.8-6.jar:/home/afollette/.m2/repository/org/neo4j/neo4j-ogm-core/3.1.20/neo4j-ogm-core-3.1.20.jar:/home/afollette/.m2/repository/io/github/lukehutch/fast-classpath-scanner/2.21/fast-classpath-scanner-2.21.jar:/home/afollette/.m2/repository/org/neo4j/neo4j-ogm-api/3.1.20/neo4j-ogm-api-3.1.20.jar:/home/afollette/.m2/repository/com/fasterxml/jackson/core/jackson-databind/2.11.2/jackson-databind-2.11.2.jar:/home/afollette/.m2/repository/com/fasterxml/jackson/core/jackson-annotations/2.11.2/jackson-annotations-2.11.2.jar:/home/afollette/.m2/repository/com/fasterxml/jackson/core/jackson-core/2.11.2/jackson-core-2.11.2.jar:/home/afollette/.m2/repository/org/slf4j/slf4j-api/1.7.30/slf4j-api-1.7.30.jar:/home/afollette/.m2/repository/com/google/code/gson/gson/2.8.6/gson-2.8.6.jar:/home/afollette/.m2/repository/org/apache/commons/commons-lang3/3.11/commons-lang3-3.11.jar:/home/afollette/.m2/repository/commons-io/commons-io/2.6/commons-io-2.6.jar:/home/afollette/.m2/repository/org/apache/poi/poi-ooxml/3.15/poi-ooxml-3.15.jar:/home/afollette/.m2/repository/org/apache/poi/poi/3.15/poi-3.15.jar:/home/afollette/.m2/repository/commons-codec/commons-codec/1.14/commons-codec-1.14.jar:/home/afollette/.m2/repository/org/apache/commons/commons-collections4/4.1/commons-collections4-4.1.jar:/home/afollette/.m2/repository/org/apache/poi/poi-ooxml-schemas/3.15/poi-ooxml-schemas-3.15.jar:/home/afollette/.m2/repository/org/apache/xmlbeans/xmlbeans/2.6.0/xmlbeans-2.6.0.jar:/home/afollette/.m2/repository/stax/stax-api/1.0.1/stax-api-1.0.1.jar:/home/afollette/.m2/repository/com/github/virtuald/curvesapi/1.04/curvesapi-1.04.jar:"/>
    <property name="sun.cpu.endian" value="little"/>
    <property name="user.home" value="/home/afollette"/>
    <property name="user.language" value="en"/>
    <property name="java.specification.vendor" value="Oracle Corporation"/>
    <property name="java.version.date" value="2020-11-04"/>
    <property name="java.home" value="/usr/lib/jvm/java-11-openjdk-amd64"/>
    <property name="file.separator" value="/"/>
    <property name="basedir" value="/home/afollette/IdeaProjects/data-model/data-model"/>
    <property name="java.vm.compressedOopsMode" value="Zero based"/>
    <property name="line.separator" value="&#10;"/>
    <property name="java.specification.name" value="Java Platform API Specification"/>
    <property name="java.vm.specification.vendor" value="Oracle Corporation"/>
    <property name="java.awt.graphicsenv" value="sun.awt.X11GraphicsEnvironment"/>
    <property name="surefire.real.class.path" value="/home/afollette/IdeaProjects/data-model/data-model/target/surefire/surefirebooter8924340538074911424.jar"/>
    <property name="sun.management.compiler" value="HotSpot 64-Bit Tiered Compilers"/>
    <property name="java.runtime.version" value="11.0.9.1+1-Ubuntu-0ubuntu1.20.04"/>
    <property name="user.name" value="afollette"/>
    <property name="path.separator" value=":"/>
    <property name="os.version" value="5.4.0-64-generic"/>
    <property name="java.runtime.name" value="OpenJDK Runtime Environment"/>
    <property name="file.encoding" value="UTF-8"/>
    <property name="java.vm.name" value="OpenJDK 64-Bit Server VM"/>
    <property name="localRepository" value="/home/afollette/.m2/repository"/>
    <property name="java.vendor.url.bug" value="https://bugs.launchpad.net/ubuntu/+source/openjdk-lts"/>
    <property name="java.io.tmpdir" value="/tmp"/>
    <property name="java.version" value="11.0.9.1"/>
    <property name="user.dir" value="/home/afollette/IdeaProjects/data-model/data-model"/>
    <property name="os.arch" value="amd64"/>
    <property name="java.vm.specification.name" value="Java Virtual Machine Specification"/>
    <property name="java.awt.printerjob" value="sun.print.PSPrinterJob"/>
    <property name="sun.os.patch.level" value="unknown"/>
    <property name="sonar.projectKey" value="data-model"/>
    <property name="java.library.path" value="/usr/java/packages/lib:/usr/lib/x86_64-linux-gnu/jni:/lib/x86_64-linux-gnu:/usr/lib/x86_64-linux-gnu:/usr/lib/jni:/lib:/usr/lib"/>
    <property name="java.vm.info" value="mixed mode, sharing"/>
    <property name="java.vendor" value="Ubuntu"/>
    <property name="java.vm.version" value="11.0.9.1+1-Ubuntu-0ubuntu1.20.04"/>
    <property name="sun.io.unicode.encoding" value="UnicodeLittle"/>
    <property name="java.class.version" value="55.0"/>
  </properties>
  <testcase name="Given_MarkerAssociation_When_EncodeIsCalled_Then_DataInRightFormat" classname="org.pdxfinder.graph.dao.MarkerAssociationTest" time="0.03"/>
</testsuite>